#
# A fatal error has been detected by the Java Runtime Environment:
#
#  EXCEPTION_ACCESS_VIOLATION (0xc0000005) at pc=0x0000000076fc7b0b, pid=6576, tid=4348
#
# JRE version: 6.0_17-b04
# Java VM: Java HotSpot(TM) 64-Bit Server VM (14.3-b01 mixed mode windows-amd64 )
# Problematic frame:
# C  [ntdll.dll+0x27b0b]
#
# If you would like to submit a bug report, please visit:
#   http://java.sun.com/webapps/bugreport/crash.jsp
# The crash happened outside the Java Virtual Machine in native code.
# See problematic frame for where to report the bug.
#

---------------  T H R E A D  ---------------

Current thread (0x0000000078130000):  JavaThread "Thread-980" [_thread_in_native, id=4348, stack(0x0000000121040000,0x0000000125040000)]

siginfo: ExceptionCode=0xc0000005, reading address 0x000000001254e940

Registers:
EAX=0x0000000000000000, EBX=0x000000012503e180, ECX=0xffffffffffffffff, EDX=0x000000012503e180
ESP=0x000000012503e060, EBP=0x000000012503e138, ESI=0x000000012503e198, EDI=0x000000001254e940
EIP=0x0000000076fc7b0b, EFLAGS=0x0000000000010246

Top of Stack: (sp=0x000000012503e060)
0x000000012503e060:   0000000000000000 0000000000000000
0x000000012503e070:   000000012503e0b0 8000000000000001
0x000000012503e080:   0000000000000000 0000000007d4df40
0x000000012503e090:   00000001125e8f70 00000000091e07d8
0x000000012503e0a0:   000000012503e1e0 000000001254e940
0x000000012503e0b0:   000000011254e940 0000000000000000
0x000000012503e0c0:   0000000000000000 0000000007d4ea77
0x000000012503e0d0:   000000012503e138 0000000000000008
0x000000012503e0e0:   00000000e75fa020 0000000000000002
0x000000012503e0f0:   000007fefadd0000 000000002503e180
0x000000012503e100:   0000000000000000 000007fefced006a
0x000000012503e110:   000000001254e940 000000012503e180
0x000000012503e120:   000000012503e138 000000012503e198
0x000000012503e130:   ffffffffffffffff 000000000040003e
0x000000012503e140:   000000012503e1e0 0000000076d83c9c
0x000000012503e150:   00000001125e8f70 00000000091e07d8 

Instructions: (pc=0x0000000076fc7b0b)
0x0000000076fc7afb:   84 bf c7 01 00 48 83 c9 ff 33 c0 48 89 7c 24 48
0x0000000076fc7b0b:   66 f2 af 48 f7 d1 48 ff c9 48 81 f9 fe 7f 00 00 


Stack: [0x0000000121040000,0x0000000125040000],  sp=0x000000012503e060,  free space=65528k
Native frames: (J=compiled Java code, j=interpreted, Vv=VM code, C=native code)
C  [ntdll.dll+0x27b0b]

Java frames: (J=compiled Java code, j=interpreted, Vv=VM code)
j  com.mathworks.util.NativeJava.showNativeFileDialogMulti(JZLjava/lang/String;Ljava/lang/String;Ljava/lang/String;Ljava/lang/String;ZZLjava/lang/String;I)Ljava/lang/Object;+0
j  com.mathworks.mwswing.MJFileChooserPerPlatform$RunnableNativeDispatch.runNative()V+37
j  com.mathworks.mwswing.MJFileChooserPerPlatform$RunnableNativeDispatch.runWindows()V+22
j  com.mathworks.mwswing.MJFileChooserPerPlatform$RunnableNativeDispatch.run()V+7
j  java.lang.Thread.run()V+11
v  ~StubRoutines::call_stub

---------------  P R O C E S S  ---------------

Java Threads: ( => current thread )
  0x000000007812c000 JavaThread "Foxtrot Multi Worker Thread Runner #6" daemon [_thread_blocked, id=6392, stack(0x0000000150030000,0x0000000154030000)]
=>0x0000000078130000 JavaThread "Thread-980" [_thread_in_native, id=4348, stack(0x0000000121040000,0x0000000125040000)]
  0x000000007812d800 JavaThread "Code Analyzer updating thread" [_thread_blocked, id=6212, stack(0x0000000125040000,0x0000000129040000)]
  0x000000007812a000 JavaThread "pool-8-thread-1" [_thread_blocked, id=6380, stack(0x000000014c030000,0x0000000150030000)]
  0x000000007812b800 JavaThread "Code Analyzer updating thread" [_thread_blocked, id=2652, stack(0x0000000090070000,0x0000000094070000)]
  0x0000000069920000 JavaThread "Code Analyzer updating thread" [_thread_blocked, id=6660, stack(0x0000000119040000,0x000000011d040000)]
  0x0000000069916000 JavaThread "Code Analyzer updating thread" [_thread_blocked, id=6552, stack(0x000000011d040000,0x0000000121040000)]
  0x000000006991d000 JavaThread "Code Analyzer updating thread" [_thread_blocked, id=4880, stack(0x0000000140030000,0x0000000144030000)]
  0x0000000069919800 JavaThread "Code Analyzer updating thread" [_thread_blocked, id=1812, stack(0x000000013a3a0000,0x000000013e3a0000)]
  0x0000000069917000 JavaThread "Active Reference Queue Daemon" daemon [_thread_blocked, id=4480, stack(0x0000000115040000,0x0000000119040000)]
  0x000000006991b000 JavaThread "Timer-2" daemon [_thread_blocked, id=6112, stack(0x0000000105040000,0x0000000109040000)]
  0x0000000069916800 JavaThread "Foxtrot Multi Worker Thread Runner #1" daemon [_thread_blocked, id=6984, stack(0x00000000f9040000,0x00000000fd040000)]
  0x0000000069920800 JavaThread "Prefs Updater" daemon [_thread_blocked, id=6496, stack(0x00000000ed040000,0x00000000f1040000)]
  0x000000006991c800 JavaThread "pool-6-thread-1" [_thread_blocked, id=6520, stack(0x0000000109040000,0x000000010d040000)]
  0x0000000078129800 JavaThread "Timer-1" daemon [_thread_blocked, id=4936, stack(0x000000010d040000,0x0000000111040000)]
  0x000000006991e800 JavaThread "com.jniwrapper.NativeResourceCollector" daemon [_thread_blocked, id=5640, stack(0x0000000101040000,0x0000000105040000)]
  0x000000006991d800 JavaThread "Swing-Shell" daemon [_thread_blocked, id=6548, stack(0x00000000fd040000,0x0000000101040000)]
  0x000000006991b800 JavaThread "ClipboardMonitor Timer" daemon [_thread_blocked, id=7156, stack(0x00000000f1040000,0x00000000f5040000)]
  0x000000006991a000 JavaThread "Explorer NavigationContext request queue" daemon [_thread_blocked, id=7048, stack(0x00000000e9040000,0x00000000ed040000)]
  0x0000000069918000 JavaThread "AddressBar directory emptiness poller" daemon [_thread_blocked, id=6828, stack(0x00000000dd040000,0x00000000e1040000)]
  0x0000000069918800 JavaThread "Explorer Refresh Service 374539070" daemon [_thread_blocked, id=5912, stack(0x00000000e1040000,0x00000000e5040000)]
  0x0000000069915000 JavaThread "Thread-4" daemon [_thread_blocked, id=4616, stack(0x00000000cc070000,0x00000000d0070000)]
  0x0000000069914800 JavaThread "TimerQueue" daemon [_thread_blocked, id=3340, stack(0x00000000c8070000,0x00000000cc070000)]
  0x0000000069913800 JavaThread "Thread-3" daemon [_thread_blocked, id=3580, stack(0x00000000c4070000,0x00000000c8070000)]
  0x0000000069913000 JavaThread "AWT-EventQueue-0" [_thread_blocked, id=7012, stack(0x00000000c0070000,0x00000000c4070000)]
  0x0000000069912000 JavaThread "AWT-Shutdown" [_thread_blocked, id=5220, stack(0x00000000b0070000,0x00000000b4070000)]
  0x0000000069911800 JavaThread "FelixPackageAdmin" daemon [_thread_blocked, id=5504, stack(0x00000000bc070000,0x00000000c0070000)]
  0x000000006995b800 JavaThread "FelixStartLevel" daemon [_thread_blocked, id=7032, stack(0x00000000b8070000,0x00000000bc070000)]
  0x0000000069fc7000 JavaThread "FelixDispatchQueue" daemon [_thread_blocked, id=6452, stack(0x00000000b4070000,0x00000000b8070000)]
  0x0000000069ed6800 JavaThread "com.google.common.base.internal.Finalizer" daemon [_thread_blocked, id=5392, stack(0x00000000a8070000,0x00000000ac070000)]
  0x0000000069ed3000 JavaThread "AWT-Windows" daemon [_thread_in_native, id=5468, stack(0x00000000a0070000,0x00000000a4070000)]
  0x0000000069ed1800 JavaThread "Java2D Disposer" daemon [_thread_blocked, id=4944, stack(0x0000000098070000,0x000000009c070000)]
  0x000000006995e800 JavaThread "Timer-0" [_thread_blocked, id=6684, stack(0x0000000088070000,0x000000008c070000)]
  0x000000004b20d800 JavaThread "EventMgr Dispatcher" daemon [_thread_in_native, id=5456, stack(0x0000000084070000,0x0000000088070000)]
  0x000000004b184000 JavaThread "Low Memory Detector" daemon [_thread_blocked, id=6316, stack(0x000000006d900000,0x0000000071900000)]
  0x000000004b178000 JavaThread "CompilerThread1" daemon [_thread_blocked, id=6312, stack(0x0000000063820000,0x0000000067820000)]
  0x000000004b174000 JavaThread "CompilerThread0" daemon [_thread_blocked, id=6308, stack(0x000000005b270000,0x000000005f270000)]
  0x000000004b16f800 JavaThread "Attach Listener" daemon [_thread_blocked, id=6296, stack(0x0000000057270000,0x000000005b270000)]
  0x000000004b11b000 JavaThread "Finalizer" daemon [_thread_blocked, id=4588, stack(0x0000000053270000,0x0000000057270000)]
  0x000000004b114800 JavaThread "Reference Handler" daemon [_thread_blocked, id=3344, stack(0x000000004f270000,0x0000000053270000)]
  0x000000000661e800 JavaThread "main" [_thread_blocked, id=6580, stack(0x0000000000030000,0x0000000004030000)]

Other Threads:
  0x000000004b111000 VMThread [stack: 0x000000004b270000,0x000000004f270000] [id=2768]
  0x000000004b187800 WatcherThread [stack: 0x0000000080070000,0x0000000084070000] [id=6292]

VM state:not at safepoint (normal execution)

VM Mutex/Monitor currently owned by a thread: None

Heap
 PSYoungGen      total 15552K, used 13084K [0x0000000037f70000, 0x0000000038f70000, 0x000000003b070000)
  eden space 14720K, 83% used [0x0000000037f70000,0x0000000038b6ec40,0x0000000038dd0000)
  from space 832K, 96% used [0x0000000038dd0000,0x0000000038e98470,0x0000000038ea0000)
  to   space 832K, 0% used [0x0000000038ea0000,0x0000000038ea0000,0x0000000038f70000)
 PSOldGen        total 86720K, used 81256K [0x000000002ec70000, 0x0000000034120000, 0x0000000037f70000)
  object space 86720K, 93% used [0x000000002ec70000,0x0000000033bca290,0x0000000034120000)
 PSPermGen       total 128128K, used 82101K [0x0000000026c70000, 0x000000002e990000, 0x000000002ec70000)
  object space 128128K, 64% used [0x0000000026c70000,0x000000002bc9d748,0x000000002e990000)

Dynamic libraries:
0x0000000140000000 - 0x0000000140028000 	C:\Program Files\MATLAB\R2013a\bin\win64\MATLAB.exe
0x0000000076fa0000 - 0x0000000077149000 	C:\Windows\SYSTEM32\ntdll.dll
0x0000000076d80000 - 0x0000000076e9f000 	C:\Windows\system32\kernel32.dll
0x000007fefce20000 - 0x000007fefce8c000 	C:\Windows\system32\KERNELBASE.dll
0x0000000074460000 - 0x0000000074515000 	C:\Program Files\MATLAB\R2013a\bin\win64\libut.dll
0x00000000758a0000 - 0x000000007595f000 	C:\Program Files\MATLAB\R2013a\bin\win64\libmwi18n.dll
0x0000000180000000 - 0x000000018000d000 	C:\Program Files\MATLAB\R2013a\bin\win64\libmwresource_core.dll
0x0000000062b40000 - 0x0000000062bd8000 	C:\Program Files\MATLAB\R2013a\bin\win64\MSVCP100.dll
0x0000000062a60000 - 0x0000000062b32000 	C:\Program Files\MATLAB\R2013a\bin\win64\MSVCR100.dll
0x0000000069750000 - 0x000000006975e000 	C:\Program Files\MATLAB\R2013a\bin\win64\boost_date_time-vc100-mt-1_49.dll
0x0000000069720000 - 0x000000006974c000 	C:\Program Files\MATLAB\R2013a\bin\win64\boost_filesystem-vc100-mt-1_49.dll
0x0000000069710000 - 0x0000000069719000 	C:\Program Files\MATLAB\R2013a\bin\win64\boost_system-vc100-mt-1_49.dll
0x000007feff040000 - 0x000007feff11b000 	C:\Windows\system32\ADVAPI32.dll
0x000007fefd170000 - 0x000007fefd20f000 	C:\Windows\system32\msvcrt.dll
0x000007fefe5b0000 - 0x000007fefe5cf000 	C:\Windows\SYSTEM32\sechost.dll
0x000007fefe290000 - 0x000007fefe3bd000 	C:\Windows\system32\RPCRT4.dll
0x00000000696e0000 - 0x0000000069705000 	C:\Program Files\MATLAB\R2013a\bin\win64\LIBEXPAT.dll
0x00000000628d0000 - 0x0000000062a5a000 	C:\Program Files\MATLAB\R2013a\bin\win64\icuin49.dll
0x0000000062790000 - 0x00000000628ce000 	C:\Program Files\MATLAB\R2013a\bin\win64\icuuc49.dll
0x0000000061660000 - 0x0000000062782000 	C:\Program Files\MATLAB\R2013a\bin\win64\icudt49.dll
0x00000000696d0000 - 0x00000000696e0000 	C:\Program Files\MATLAB\R2013a\bin\win64\icuio49.dll
0x0000000073f70000 - 0x0000000074112000 	C:\Program Files\MATLAB\R2013a\bin\win64\libmwfl.dll
0x000000007a350000 - 0x000000007a737000 	C:\Program Files\MATLAB\R2013a\bin\win64\libmwMATLAB_res.dll
0x0000000061440000 - 0x000000006151f000 	C:\Program Files\MATLAB\R2013a\bin\win64\boost_regex-vc100-mt-1_49.dll
0x0000000076ea0000 - 0x0000000076f9a000 	C:\Windows\system32\USER32.dll
0x000007fefe9a0000 - 0x000007fefea07000 	C:\Windows\system32\GDI32.dll
0x000007fefe280000 - 0x000007fefe28e000 	C:\Windows\system32\LPK.dll
0x000007fefe8d0000 - 0x000007fefe999000 	C:\Windows\system32\USP10.dll
0x0000000068580000 - 0x0000000068591000 	C:\Program Files\MATLAB\R2013a\bin\win64\boost_signals-vc100-mt-1_49.dll
0x0000000068560000 - 0x0000000068571000 	C:\Program Files\MATLAB\R2013a\bin\win64\boost_thread-vc100-mt-1_49.dll
0x000007feef700000 - 0x000007feef78c000 	C:\Program Files\MATLAB\R2013a\bin\win64\boost_log-vc100-mt-1_49.dll
0x0000000077170000 - 0x0000000077177000 	C:\Windows\system32\PSAPI.DLL
0x000007fefd120000 - 0x000007fefd16d000 	C:\Windows\system32\WS2_32.dll
0x000007fefd210000 - 0x000007fefd218000 	C:\Windows\system32\NSI.dll
0x000007feefb70000 - 0x000007feefba3000 	C:\Program Files\MATLAB\R2013a\bin\win64\tbb.dll
0x000007feff020000 - 0x000007feff039000 	C:\Windows\system32\imagehlp.dll
0x000007fefbd90000 - 0x000007fefbdbc000 	C:\Windows\system32\POWRPROF.dll
0x000007fefec30000 - 0x000007fefee07000 	C:\Windows\system32\SETUPAPI.dll
0x000007fefcde0000 - 0x000007fefce16000 	C:\Windows\system32\CFGMGR32.dll
0x000007fefea10000 - 0x000007fefeae7000 	C:\Windows\system32\OLEAUT32.dll
0x000007fefee10000 - 0x000007feff013000 	C:\Windows\system32\ole32.dll
0x000007fefcee0000 - 0x000007fefcefa000 	C:\Windows\system32\DEVOBJ.dll
0x0000000004110000 - 0x0000000004131000 	C:\Program Files\MATLAB\R2013a\bin\win64\libmwmfl_scalar.dll
0x000007fef8880000 - 0x000007fef89a5000 	C:\Windows\system32\dbghelp.dll
0x0000000004270000 - 0x000000000459f000 	C:\Program Files\MATLAB\R2013a\bin\win64\libmwservices.dll
0x0000000075a20000 - 0x0000000075b0b000 	C:\Program Files\MATLAB\R2013a\bin\win64\libmx.dll
0x000007feef6d0000 - 0x000007feef6f8000 	C:\Program Files\MATLAB\R2013a\bin\win64\tbbmalloc.dll
0x0000000063800000 - 0x0000000063817000 	C:\Program Files\MATLAB\R2013a\bin\win64\zlib1.dll
0x00000000045a0000 - 0x00000000045ee000 	C:\Program Files\MATLAB\R2013a\bin\win64\libmwregexp.dll
0x0000000075f10000 - 0x0000000075f57000 	C:\Program Files\MATLAB\R2013a\bin\win64\mpath.dll
0x000000007b680000 - 0x000000007bc66000 	C:\Program Files\MATLAB\R2013a\bin\win64\mlutil.dll
0x00000000754d0000 - 0x0000000075547000 	C:\Program Files\MATLAB\R2013a\bin\win64\xmlcore.dll
0x00000000611f0000 - 0x0000000061431000 	C:\Program Files\MATLAB\R2013a\bin\win64\xerces-c_2_7.dll
0x00000000045f0000 - 0x0000000004612000 	C:\Program Files\MATLAB\R2013a\bin\win64\libmwMATLAB_settings_res.dll
0x000007feefd90000 - 0x000007feefda0000 	C:\Program Files\MATLAB\R2013a\bin\win64\boost_iostreams-vc100-mt-1_49.dll
0x000007feef680000 - 0x000007feef6c6000 	C:\Program Files\MATLAB\R2013a\bin\win64\boost_serialization-vc100-mt-1_49.dll
0x000007fefd4f0000 - 0x000007fefe278000 	C:\Windows\system32\SHELL32.dll
0x000007fefe820000 - 0x000007fefe891000 	C:\Windows\system32\SHLWAPI.dll
0x0000000004150000 - 0x0000000004156000 	C:\Program Files\MATLAB\R2013a\bin\win64\libmwnativedisplay.dll
0x000007fef9a20000 - 0x000007fef9ac0000 	C:\Windows\WinSxS\amd64_microsoft.windows.common-controls_6595b64144ccf1df_5.82.7601.18201_none_a4d3b9377117c3df\COMCTL32.dll
0x000007fefeaf0000 - 0x000007fefeb87000 	C:\Windows\system32\COMDLG32.dll
0x000007fefa6f0000 - 0x000007fefa706000 	C:\Windows\system32\NETAPI32.dll
0x000007fefa6e0000 - 0x000007fefa6ec000 	C:\Windows\system32\netutils.dll
0x000007fefc900000 - 0x000007fefc923000 	C:\Windows\system32\srvcli.dll
0x000007fefa6c0000 - 0x000007fefa6d5000 	C:\Windows\system32\wkscli.dll
0x0000000074970000 - 0x0000000074a18000 	C:\Program Files\MATLAB\R2013a\bin\win64\mcr.dll
0x0000000075000000 - 0x00000000753b1000 	C:\Program Files\MATLAB\R2013a\bin\win64\iqm.dll
0x0000000074e80000 - 0x0000000074f30000 	C:\Program Files\MATLAB\R2013a\bin\win64\m_dispatcher.dll
0x0000000004620000 - 0x0000000004e28000 	C:\Program Files\MATLAB\R2013a\bin\win64\m_interpreter.dll
0x0000000004e30000 - 0x0000000004e54000 	C:\Program Files\MATLAB\R2013a\bin\win64\libmex.dll
0x0000000075430000 - 0x00000000754ab000 	C:\Program Files\MATLAB\R2013a\bin\win64\profiler.dll
0x0000000004e60000 - 0x00000000050e3000 	C:\Program Files\MATLAB\R2013a\bin\win64\libmwmathutil.dll
0x0000000079f40000 - 0x0000000079f66000 	C:\Program Files\MATLAB\R2013a\bin\win64\libmwmathrng.dll
0x0000000004160000 - 0x0000000004170000 	C:\Program Files\MATLAB\R2013a\bin\win64\libmwmfl_rng.dll
0x0000000074c10000 - 0x0000000074cf8000 	C:\Program Files\MATLAB\R2013a\bin\win64\libmwmathcore.dll
0x0000000076160000 - 0x00000000761c3000 	C:\Program Files\MATLAB\R2013a\bin\win64\libmwspmatrix.dll
0x000000007b0a0000 - 0x000000007b2f6000 	C:\Program Files\MATLAB\R2013a\bin\win64\mcos.dll
0x0000000075ea0000 - 0x0000000075f02000 	C:\Program Files\MATLAB\R2013a\bin\win64\libmwcholmod.dll
0x0000000005100000 - 0x000000000510d000 	C:\Program Files\MATLAB\R2013a\bin\win64\libmwamd.dll
0x000000006c220000 - 0x000000006c2c3000 	C:\Windows\WinSxS\amd64_microsoft.vc90.crt_1fc8b3b9a1e18e3b_9.0.30729.6161_none_08e61857a83bc251\MSVCR90.dll
0x0000000005120000 - 0x000000000512c000 	C:\Program Files\MATLAB\R2013a\bin\win64\libmwcolamd.dll
0x000000007a290000 - 0x000000007a2a3000 	C:\Program Files\MATLAB\R2013a\bin\win64\libmwblas.dll
0x000000007a310000 - 0x000000007a325000 	C:\Program Files\MATLAB\R2013a\bin\win64\libmwbinder.dll
0x0000000005140000 - 0x000000000514b000 	C:\Program Files\MATLAB\R2013a\bin\win64\libmwompwrapper.dll
0x0000000075820000 - 0x000000007589e000 	C:\Program Files\MATLAB\R2013a\bin\win64\libmwlapack.dll
0x000000007a1b0000 - 0x000000007a1d0000 	C:\Program Files\MATLAB\R2013a\bin\win64\m_pcodeio.dll
0x0000000079b10000 - 0x0000000079b6c000 	C:\Program Files\MATLAB\R2013a\bin\win64\m_ir.dll
0x0000000078ed0000 - 0x0000000079579000 	C:\Program Files\MATLAB\R2013a\bin\win64\m_parser.dll
0x000000007a2f0000 - 0x000000007a307000 	C:\Program Files\MATLAB\R2013a\bin\win64\ir_xfmr.dll
0x0000000005150000 - 0x0000000005160000 	C:\Program Files\MATLAB\R2013a\bin\win64\mtok.dll
0x000000007a130000 - 0x000000007a158000 	C:\Program Files\MATLAB\R2013a\bin\win64\m_pcodegen.dll
0x0000000079fb0000 - 0x0000000079fdf000 	C:\Program Files\MATLAB\R2013a\bin\win64\libmwbridge.dll
0x0000000074f40000 - 0x0000000074ff6000 	C:\Program Files\MATLAB\R2013a\bin\win64\udd.dll
0x0000000073cc0000 - 0x0000000073e0e000 	C:\Program Files\MATLAB\R2013a\bin\win64\libmwgui.dll
0x000000007a1d0000 - 0x000000007a1f4000 	C:\Program Files\MATLAB\R2013a\bin\win64\graphics_util.dll
0x000007feef5c0000 - 0x000007feef678000 	C:\Program Files\MATLAB\R2013a\bin\win64\libtex_base.dll
0x0000000005160000 - 0x0000000005aa3000 	C:\Program Files\MATLAB\R2013a\bin\win64\hg.dll
0x0000000076100000 - 0x000000007615a000 	C:\Program Files\MATLAB\R2013a\bin\win64\libmat.dll
0x0000000072d30000 - 0x0000000072f38000 	C:\Program Files\MATLAB\R2013a\bin\win64\hdf5dll.dll
0x0000000075710000 - 0x00000000757d8000 	C:\Program Files\MATLAB\R2013a\bin\win64\jmi.dll
0x0000000005ac0000 - 0x0000000005ace000 	C:\Program Files\MATLAB\R2013a\bin\win64\nativejava_services.dll
0x0000000005ad0000 - 0x0000000005b10000 	C:\Program Files\MATLAB\R2013a\bin\win64\libmwhardcopy.dll
0x0000000075c70000 - 0x0000000075cce000 	C:\Program Files\MATLAB\R2013a\bin\win64\libuij.dll
0x0000000072f50000 - 0x000000007318f000 	C:\Program Files\MATLAB\R2013a\bin\win64\hgdatatypes.dll
0x0000000005b10000 - 0x0000000005bfb000 	C:\Program Files\MATLAB\R2013a\bin\win64\hgutils.dll
0x0000000005c00000 - 0x0000000005cae000 	C:\Program Files\MATLAB\R2013a\bin\win64\udd_mi.dll
0x0000000005cb0000 - 0x0000000005ce6000 	C:\Program Files\MATLAB\R2013a\bin\win64\libmwgbtutils.dll
0x0000000005cf0000 - 0x0000000005d04000 	C:\Program Files\MATLAB\R2013a\bin\win64\libmwgbt.dll
0x0000000005d10000 - 0x0000000005fde000 	C:\Program Files\MATLAB\R2013a\bin\win64\uiw.dll
0x0000000005fe0000 - 0x0000000005fe9000 	C:\Program Files\MATLAB\R2013a\bin\win64\uinone.dll
0x0000000005ff0000 - 0x0000000006016000 	C:\Program Files\MATLAB\R2013a\bin\win64\libmwnativefiledialogs.dll
0x0000000006020000 - 0x000000000602c000 	C:\Program Files\MATLAB\R2013a\bin\win64\libmwplatform_res.dll
0x000007fef6d50000 - 0x000007fef6d68000 	C:\Windows\system32\MPR.dll
0x0000000060c90000 - 0x00000000611ed000 	C:\Program Files\MATLAB\R2013a\bin\win64\mfc100.dll
0x000007fef6ac0000 - 0x000007fef6ac7000 	C:\Windows\system32\MSIMG32.dll
0x000007fefbef0000 - 0x000007fefbf61000 	C:\Windows\system32\WINSPOOL.DRV
0x0000000006030000 - 0x000000000604d000 	C:\Program Files\MATLAB\R2013a\bin\win64\mwoles05.DLL
0x0000000006050000 - 0x00000000060bc000 	C:\Program Files\MATLAB\R2013a\bin\win64\comcli.dll
0x00000000637d0000 - 0x00000000637fb000 	C:\Program Files\MATLAB\R2013a\bin\win64\ATL100.DLL
0x00000000060c0000 - 0x00000000060cc000 	C:\Program Files\MATLAB\R2013a\bin\win64\mlautoregister.dll
0x00000000060d0000 - 0x0000000006226000 	C:\Program Files\MATLAB\R2013a\bin\win64\mvm.dll
0x000007fefcba0000 - 0x000007fefcbf7000 	C:\Windows\system32\apphelp.dll
0x000007feef560000 - 0x000007feef5b1000 	C:\Windows\AppPatch\AppPatch64\AcGenral.DLL
0x000007fefcb70000 - 0x000007fefcb95000 	C:\Windows\system32\SspiCli.dll
0x000000006d8f0000 - 0x000000006d8f3000 	C:\Windows\system32\sfc.dll
0x000007fef8fa0000 - 0x000007fef8fb0000 	C:\Windows\system32\sfc_os.DLL
0x000007fefce90000 - 0x000007fefceae000 	C:\Windows\system32\USERENV.dll
0x000007fefcd70000 - 0x000007fefcd7f000 	C:\Windows\system32\profapi.dll

VM Arguments:
jvm_args: -XX:PermSize=32m -Xms64m -XX:NewRatio=3 -XX:MaxPermSize=128m -Xmx196m -XX:MaxDirectMemorySize=2147400000 -Dsun.java2d.noddraw=true -Dsun.awt.nopixfmt=true -Xshare:off -Xrs -Dsun.awt.disableMixing=true -Djava.library.path=C:\Program Files\MATLAB\R2013a\bin\win64;C:\Program Files\MATLAB\R2013a\sys\jxbrowser\win64\lib vfprintf abort 
java_command: <unknown>
Launcher Type: generic

Environment Variables:
PATH=C:\Program Files\Common Files\Microsoft Shared\Windows Live;C:\Program Files (x86)\Common Files\Microsoft Shared\Windows Live;c:\Program Files (x86)\AMD APP\bin\x86_64;c:\Program Files (x86)\AMD APP\bin\x86;C:\Windows\system32;C:\Windows;C:\Windows\System32\Wbem;C:\Windows\System32\WindowsPowerShell\v1.0\;c:\Program Files (x86)\ATI Technologies\ATI.ACE\Core-Static\;C:\Program Files (x86)\Sony\VAIO Startup Setting Tool;C:\Program Files (x86)\Windows Live\Shared;C:\Program Files (x86)\ATI Technologies\ATI.ACE\Core-Static;C:\Program Files\MATLAB\R2013a\runtime\win64;C:\Program Files\MATLAB\R2013a\bin;C:\Program Files (x86)\MATLAB\MATLAB Compiler Runtime\v717\runtime\win32;C:\Program Files (x86)\MATLAB\MATLAB Compiler Runtime\v81\runtime\win32;C:\Program Files (x86)\OpenCV2.2\bin;C:\Program Files\Microsoft Windows Performance Toolkit\;C:\Oasis\Tools\GNUARM\bin;C:\Oasis\Tools\SDCC\bin;C:\Oasis\Tools\linux\bin;C:\Program Files (x86)\Java\jre7\bin;C:\Oasis\Tools\GNUARM\bin;C:\Oasis\Tools\SDCC\bin;C:\Oasis\Tools\linux\bin;E:\Oasis\Tools\GNUARM\bin;E:\Oasis\Tools\SDCC\bin;E:\Oasis\Tools\linux\bin;C:\Oasis\Tools\GNUARM\bin;C:\Oasis\Tools\SDCC\bin;C:\Oasis\Tools\linux\bin;C:\Program Files (x86)\Java\jre1.5.0_10\bin;;C:\Program Files (x86)\yagarto\bin;C:\yagarto-20121222\bin;C:\Program Files\Intel\WiFi\bin\;C:\Program Files\Common Files\Intel\WirelessCommon\;C:\Program Files (x86)\Windows Kits\8.1\Windows Performance Toolkit\;C:\Program Files\Microsoft SQL Server\110\Tools\Binn\;C:\Program Files (x86)\Microsoft SDKs\TypeScript\1.0\;C:\Program Files\Microsoft SQL Server\120\Tools\Binn\;C:\Program Files\Intel\WiFi\bin\;C:\Program Files\Common Files\Intel\WirelessCommon\
USERNAME=user
OS=Windows_NT
PROCESSOR_IDENTIFIER=Intel64 Family 6 Model 42 Stepping 7, GenuineIntel



---------------  S Y S T E M  ---------------

OS: Windows 7 Build 7601 Service Pack 1

CPU:total 4 (8 cores per cpu, 2 threads per core) family 6 model 42 stepping 7, cmov, cx8, fxsr, mmx, sse, sse2, sse3, ssse3, sse4.1, sse4.2, ht

Memory: 4k page, physical 6731632k(2535844k free), swap 13461404k(8588448k free)

vm_info: Java HotSpot(TM) 64-Bit Server VM (14.3-b01) for windows-amd64 JRE (1.6.0_17-b04), built on Oct 11 2009 00:46:08 by "java_re" with MS VC++ 8.0

time: Sun May 03 08:56:08 2015
elapsed time: 3382 seconds

